[0m2021.08.28 10:30:30 INFO  Started: Metals version 0.10.5 in workspace '/home/domicio/source/scala/quickcheck' for client Visual Studio Code 1.59.1.[0m
[0m2021.08.28 10:30:31 INFO  time: initialize in 1.75s[0m
[0m2021.08.28 10:30:31 WARN  Build server is not auto-connectable.[0m
[0m2021.08.28 10:30:36 INFO  running '/home/domicio/.cache/coursier/jvm/adopt@1.11.0-11/bin/java -Djline.terminal=jline.UnsupportedTerminal -Dsbt.log.noformat=true -Dfile.encoding=UTF-8 -jar /tmp/metals9308043836847026086/sbt-launch.jar -Dbloop.export-jar-classifiers=sources bloopInstall'[0m
[0m2021.08.28 10:30:36 WARN  no build target for: /home/domicio/source/scala/quickcheck/project/metals.sbt[0m
[0m2021.08.28 10:30:36 WARN  no build target for: /home/domicio/source/scala/quickcheck/project/project/metals.sbt[0m
[0m2021.08.28 10:30:36 INFO  skipping build import with status 'Started'[0m
[0m2021.08.28 10:30:37 INFO  [info] welcome to sbt 1.5.0 (AdoptOpenJDK Java 11.0.11)[0m
[0m2021.08.28 10:30:39 INFO  no build target: using presentation compiler with only scala-library: 2.12.14[0m
[0m2021.08.28 10:30:40 INFO  [info] loading settings for project quickcheck-build-build-build from metals.sbt ...[0m
[0m2021.08.28 10:30:40 INFO  [info] loading project definition from /home/domicio/source/scala/quickcheck/project/project/project[0m
[0m2021.08.28 10:30:43 INFO  [info] loading settings for project quickcheck-build-build from metals.sbt ...[0m
[0m2021.08.28 10:30:43 INFO  [info] loading project definition from /home/domicio/source/scala/quickcheck/project/project[0m
[0m2021.08.28 10:30:45 INFO  [success] Generated .bloop/quickcheck-build-build.json[0m
[0m2021.08.28 10:30:45 INFO  [success] Total time: 2 s, completed Aug 28, 2021, 10:30:46 AM[0m
[0m2021.08.28 10:30:47 INFO  [info] loading settings for project quickcheck-build from buildSettings.sbt,metals.sbt,plugins.sbt ...[0m
[0m2021.08.28 10:30:47 INFO  [info] loading project definition from /home/domicio/source/scala/quickcheck/project[0m
[0m2021.08.28 10:30:48 INFO  [success] Generated .bloop/quickcheck-build.json[0m
[0m2021.08.28 10:30:48 INFO  [info] compiling 2 Scala sources to /home/domicio/source/scala/quickcheck/project/target/scala-2.12/sbt-1.0/classes ...[0m
[0m2021.08.28 10:30:55 INFO  [info] done compiling[0m
[0m2021.08.28 10:30:55 INFO  [success] Total time: 8 s, completed Aug 28, 2021, 10:30:55 AM[0m
[0m2021.08.28 10:30:57 INFO  [info] loading settings for project quickcheck from assignment.sbt,build.sbt ...[0m
[0m2021.08.28 10:30:57 INFO  [info] set current project to effective-scala-quickcheck (in build file:/home/domicio/source/scala/quickcheck/)[0m
[0m2021.08.28 10:30:57 INFO  [warn] there's a key that's not used by any other settings/tasks:[0m
[0m2021.08.28 10:30:57 INFO  [warn]  [0m
[0m2021.08.28 10:30:57 INFO  [warn] * quickcheck / assignmentVersion[0m
[0m2021.08.28 10:30:57 INFO  [warn]   +- /home/domicio/source/scala/quickcheck/assignment.sbt:4[0m
[0m2021.08.28 10:30:57 INFO  [warn]  [0m
[0m2021.08.28 10:30:57 INFO  [warn] note: a setting might still be used by a command; to exclude a key from this `lintUnused` check[0m
[0m2021.08.28 10:30:57 INFO  [warn] either append it to `Global / excludeLintKeys` or call .withRank(KeyRanks.Invisible) on the key[0m
[0m2021.08.28 10:30:58 INFO  [success] Generated .bloop/quickcheck.json[0m
[0m2021.08.28 10:30:58 INFO  [success] Generated .bloop/quickcheck-test.json[0m
[0m2021.08.28 10:30:58 INFO  [success] Total time: 1 s, completed Aug 28, 2021, 10:30:58 AM[0m
[0m2021.08.28 10:30:58 INFO  sbt bloopInstall exit: 0[0m
[0m2021.08.28 10:30:59 INFO  time: ran 'sbt bloopInstall' in 23s[0m
[0m2021.08.28 10:30:59 INFO  Attempting to connect to the build server...[0m
Starting the bsp launcher for bloop...
Opening a bsp server connection with 'bsp --protocol local --socket /tmp/bsp-launcher16817376556399940071/bsp.socket'...
Waiting for the bsp connection to come up...
[0m[32m[D][0m Loading 2 projects from '/home/domicio/source/scala/quickcheck/.bloop'...
[0m[32m[D][0m Loading project from '/home/domicio/source/scala/quickcheck/.bloop/quickcheck.json'
[0m[32m[D][0m Loading project from '/home/domicio/source/scala/quickcheck/.bloop/quickcheck-test.json'
[0m[32m[D][0m Missing analysis file for project 'quickcheck'
[0m[32m[D][0m Missing analysis file for project 'quickcheck-test'
[0m[32m[D][0m Waiting for a connection at local:///tmp/bsp-launcher16817376556399940071/bsp.socket...
The server is listening for incoming connections at local:///tmp/bsp-launcher16817376556399940071/bsp.socket...
Starting thread that pumps stdin and redirects it to the bsp server...
Starting thread that pumps server stdout and redirects it to the client stdout...
[0m2021.08.28 10:30:59 INFO  tracing is disabled for protocol BSP, to enable tracing of incoming and outgoing JSON messages create an empty file at /home/domicio/.cache/metals/bsp.trace.json[0m
[0m2021.08.28 10:30:59 INFO  Attempting to connect to the build server...[0m
Starting the bsp launcher for bloop...
Opening a bsp server connection with 'bsp --protocol local --socket /tmp/bsp-launcher12627424402105815758/bsp.socket'...[0m
2021.08.28 10:30:59 INFO  Attempting to connect to the build server...[0m
Waiting for the bsp connection to come up...
Starting the bsp launcher for bloop...
Opening a bsp server connection with 'bsp --protocol local --socket /tmp/bsp-launcher8491633189103532901/bsp.socket'...
Waiting for the bsp connection to come up...
[0m[32m[D][0m Loading workspace settings from bloop.settings.json
[0m[32m[D][0m Waiting for a connection at local:///tmp/bsp-launcher12627424402105815758/bsp.socket...
The server is listening for incoming connections at local:///tmp/bsp-launcher12627424402105815758/bsp.socket...
Starting thread that pumps stdin and redirects it to the bsp server...
[0m[32m[D][0m Loading workspace settings from bloop.settings.json
[0m[32m[D][0m Waiting for a connection at local:///tmp/bsp-launcher8491633189103532901/bsp.socket...
The server is listening for incoming connections at local:///tmp/bsp-launcher8491633189103532901/bsp.socket...
Starting thread that pumps server stdout and redirects it to the client stdout...
Starting thread that pumps stdin and redirects it to the bsp server...
Starting thread that pumps server stdout and redirects it to the client stdout...
[0m2021.08.28 10:30:59 INFO  tracing is disabled for protocol BSP, to enable tracing of incoming and outgoing JSON messages create an empty file at /home/domicio/.cache/metals/bsp.trace.json[0m
[0m2021.08.28 10:30:59 INFO  tracing is disabled for protocol BSP, to enable tracing of incoming and outgoing JSON messages create an empty file at /home/domicio/.cache/metals/bsp.trace.json[0m
[0m2021.08.28 10:30:59 INFO  time: Connected to build server in 0.2s[0m
[0m2021.08.28 10:30:59 INFO  Connected to Build server: Bloop v1.4.8-19-4d9f966b[0m
[0m2021.08.28 10:31:03 INFO  time: indexed workspace in 4.16s[0m
