[0m2021.08.14 15:12:36 INFO  Started: Metals version 0.10.5 in workspace '/home/domicio/source/scala/democracy' for client Visual Studio Code 1.59.0.[0m
[0m2021.08.14 15:12:38 INFO  time: initialize in 1.61s[0m
[0m2021.08.14 15:12:38 WARN  Build server is not auto-connectable.[0m
Aug 14, 2021 3:12:39 PM org.eclipse.lsp4j.jsonrpc.services.GenericEndpoint notify
INFO: Unsupported notification method: $/setTrace
[0m2021.08.14 15:13:04 INFO  running '/home/domicio/.cache/coursier/jvm/adopt@1.11.0-11/bin/java -Djline.terminal=jline.UnsupportedTerminal -Dsbt.log.noformat=true -Dfile.encoding=UTF-8 -jar /tmp/metals4816710932142606112/sbt-launch.jar -Dbloop.export-jar-classifiers=sources bloopInstall'[0m
[0m2021.08.14 15:13:04 WARN  no build target for: /home/domicio/source/scala/democracy/project/metals.sbt[0m
[0m2021.08.14 15:13:04 WARN  no build target for: /home/domicio/source/scala/democracy/project/project/metals.sbt[0m
[0m2021.08.14 15:13:04 INFO  skipping build import with status 'Started'[0m
[0m2021.08.14 15:13:04 ERROR [info] [launcher] getting org.scala-sbt sbt 1.5.0  (this may take some time)...[0m
[0m2021.08.14 15:13:09 INFO  no build target: using presentation compiler with only scala-library: 2.12.14[0m
[0m2021.08.14 15:13:15 ERROR downloading https://repo1.maven.org/maven2/org/scala-sbt/main_2.12/1.5.0/main_2.12-1.5.0.jar ...[0m
[0m2021.08.14 15:13:15 ERROR downloading https://repo1.maven.org/maven2/org/scala-sbt/logic_2.12/1.5.0/logic_2.12-1.5.0.jar ...[0m
[0m2021.08.14 15:13:15 ERROR downloading https://repo1.maven.org/maven2/org/scala-sbt/actions_2.12/1.5.0/actions_2.12-1.5.0.jar ...[0m
[0m2021.08.14 15:13:15 ERROR downloading https://repo1.maven.org/maven2/org/scala-sbt/sbt/1.5.0/sbt-1.5.0.jar ...[0m
[0m2021.08.14 15:13:15 ERROR downloading https://repo1.maven.org/maven2/org/scala-lang/scala-library/2.12.13/scala-library-2.12.13.jar ...[0m
[0m2021.08.14 15:13:15 ERROR downloading https://repo1.maven.org/maven2/org/scala-sbt/main-settings_2.12/1.5.0/main-settings_2.12-1.5.0.jar ...[0m
[0m2021.08.14 15:13:15 ERROR downloading https://repo1.maven.org/maven2/org/scala-sbt/collections_2.12/1.5.0/collections_2.12-1.5.0.jar ...[0m
[0m2021.08.14 15:13:15 ERROR downloading https://repo1.maven.org/maven2/org/scala-sbt/command_2.12/1.5.0/command_2.12-1.5.0.jar ...[0m
[0m2021.08.14 15:13:15 ERROR downloading https://repo1.maven.org/maven2/org/scala-sbt/scripted-plugin_2.12/1.5.0/scripted-plugin_2.12-1.5.0.jar ...[0m
[0m2021.08.14 15:13:15 ERROR downloading https://repo1.maven.org/maven2/org/scala-sbt/zinc-lm-integration_2.12/1.5.0/zinc-lm-integration_2.12-1.5.0.jar ...[0m
[0m2021.08.14 15:13:15 ERROR downloading https://repo1.maven.org/maven2/org/scala-sbt/util-logging_2.12/1.5.0/util-logging_2.12-1.5.0.jar ...[0m
[0m2021.08.14 15:13:15 ERROR downloading https://repo1.maven.org/maven2/org/scala-sbt/run_2.12/1.5.0/run_2.12-1.5.0.jar ...[0m
[0m2021.08.14 15:13:15 ERROR downloading https://repo1.maven.org/maven2/org/scala-sbt/io_2.12/1.5.0/io_2.12-1.5.0.jar ...[0m
[0m2021.08.14 15:13:15 ERROR downloading https://repo1.maven.org/maven2/org/scala-sbt/launcher-interface/1.3.0/launcher-interface-1.3.0.jar ...[0m
[0m2021.08.14 15:13:15 ERROR :: loading settings :: url = jar:file:/tmp/metals4816710932142606112/sbt-launch.jar!/org/apache/ivy/core/settings/ivysettings.xml[0m
[0m2021.08.14 15:13:15 ERROR :: loading settings :: url = jar:file:/tmp/metals4816710932142606112/sbt-launch.jar!/org/apache/ivy/core/settings/ivysettings.xml[0m
[0m2021.08.14 15:13:15 ERROR :: loading settings :: url = jar:file:/tmp/metals4816710932142606112/sbt-launch.jar!/org/apache/ivy/core/settings/ivysettings.xml[0m
[0m2021.08.14 15:13:15 ERROR :: loading settings :: url = jar:file:/tmp/metals4816710932142606112/sbt-launch.jar!/org/apache/ivy/core/settings/ivysettings.xml[0m
[0m2021.08.14 15:13:15 ERROR :: loading settings :: url = jar:file:/tmp/metals4816710932142606112/sbt-launch.jar!/org/apache/ivy/core/settings/ivysettings.xml[0m
[0m2021.08.14 15:13:15 ERROR :: loading settings :: url = jar:file:/tmp/metals4816710932142606112/sbt-launch.jar!/org/apache/ivy/core/settings/ivysettings.xml[0m
[0m2021.08.14 15:13:15 ERROR :: loading settings :: url = jar:file:/tmp/metals4816710932142606112/sbt-launch.jar!/org/apache/ivy/core/settings/ivysettings.xml[0m
[0m2021.08.14 15:13:15 ERROR :: loading settings :: url = jar:file:/tmp/metals4816710932142606112/sbt-launch.jar!/org/apache/ivy/core/settings/ivysettings.xml[0m
[0m2021.08.14 15:13:15 ERROR :: loading settings :: url = jar:file:/tmp/metals4816710932142606112/sbt-launch.jar!/org/apache/ivy/core/settings/ivysettings.xml[0m
[0m2021.08.14 15:13:15 ERROR :: loading settings :: url = jar:file:/tmp/metals4816710932142606112/sbt-launch.jar!/org/apache/ivy/core/settings/ivysettings.xml[0m
[0m2021.08.14 15:13:15 ERROR :: loading settings :: url = jar:file:/tmp/metals4816710932142606112/sbt-launch.jar!/org/apache/ivy/core/settings/ivysettings.xml[0m
[0m2021.08.14 15:13:15 ERROR :: loading settings :: url = jar:file:/tmp/metals4816710932142606112/sbt-launch.jar!/org/apache/ivy/core/settings/ivysettings.xml[0m
[0m2021.08.14 15:13:15 ERROR :: loading settings :: url = jar:file:/tmp/metals4816710932142606112/sbt-launch.jar!/org/apache/ivy/core/settings/ivysettings.xml[0m
[0m2021.08.14 15:13:15 ERROR :: loading settings :: url = jar:file:/tmp/metals4816710932142606112/sbt-launch.jar!/org/apache/ivy/core/settings/ivysettings.xml[0m
[0m2021.08.14 15:13:15 ERROR :: loading settings :: url = jar:file:/tmp/metals4816710932142606112/sbt-launch.jar!/org/apache/ivy/core/settings/ivysettings.xml[0m
[0m2021.08.14 15:13:15 ERROR :: loading settings :: url = jar:file:/tmp/metals4816710932142606112/sbt-launch.jar!/org/apache/ivy/core/settings/ivysettings.xml[0m
[0m2021.08.14 15:13:15 ERROR downloading https://repo1.maven.org/maven2/org/scala-sbt/librarymanagement-core_2.12/1.5.0/librarymanagement-core_2.12-1.5.0.jar ...[0m
[0m2021.08.14 15:13:15 ERROR downloading https://repo1.maven.org/maven2/org/scala-sbt/librarymanagement-ivy_2.12/1.5.0/librarymanagement-ivy_2.12-1.5.0.jar ...[0m
[0m2021.08.14 15:13:15 ERROR 	[SUCCESSFUL ] org.scala-sbt#actions_2.12;1.5.0!actions_2.12.jar (277ms)[0m
[0m2021.08.14 15:13:15 ERROR downloading https://repo1.maven.org/maven2/org/scala-sbt/compiler-interface/1.5.0/compiler-interface-1.5.0.jar ...[0m
[0m2021.08.14 15:13:15 ERROR 	[SUCCESSFUL ] org.scala-sbt#scripted-plugin_2.12;1.5.0!scripted-plugin_2.12.jar (348ms)[0m
[0m2021.08.14 15:13:15 ERROR downloading https://repo1.maven.org/maven2/org/scala-sbt/zinc-compile_2.12/1.5.0/zinc-compile_2.12-1.5.0.jar ...[0m
[0m2021.08.14 15:13:15 ERROR 	[SUCCESSFUL ] org.scala-sbt#launcher-interface;1.3.0!launcher-interface.jar (335ms)[0m
[0m2021.08.14 15:13:15 ERROR downloading https://repo1.maven.org/maven2/org/scala-sbt/util-relation_2.12/1.5.0/util-relation_2.12-1.5.0.jar ...[0m
[0m2021.08.14 15:13:15 ERROR 	[SUCCESSFUL ] org.scala-sbt#run_2.12;1.5.0!run_2.12.jar (375ms)[0m
[0m2021.08.14 15:13:15 ERROR 	[SUCCESSFUL ] org.scala-sbt#logic_2.12;1.5.0!logic_2.12.jar (382ms)[0m
[0m2021.08.14 15:13:15 ERROR downloading https://repo1.maven.org/maven2/org/scala-sbt/util-position_2.12/1.5.0/util-position_2.12-1.5.0.jar ...[0m
[0m2021.08.14 15:13:15 ERROR downloading https://repo1.maven.org/maven2/org/scala-lang/scala-reflect/2.12.13/scala-reflect-2.12.13.jar ...[0m
[0m2021.08.14 15:13:15 ERROR 	[SUCCESSFUL ] org.scala-sbt#zinc-lm-integration_2.12;1.5.0!zinc-lm-integration_2.12.jar (383ms)[0m
[0m2021.08.14 15:13:15 ERROR downloading https://repo1.maven.org/maven2/org/scala-sbt/completion_2.12/1.5.0/completion_2.12-1.5.0.jar ...[0m
[0m2021.08.14 15:13:15 ERROR 	[SUCCESSFUL ] org.scala-sbt#compiler-interface;1.5.0!compiler-interface.jar (144ms)[0m
[0m2021.08.14 15:13:15 ERROR downloading https://repo1.maven.org/maven2/org/scala-sbt/task-system_2.12/1.5.0/task-system_2.12-1.5.0.jar ...[0m
[0m2021.08.14 15:13:15 ERROR 	[SUCCESSFUL ] org.scala-sbt#sbt;1.5.0!sbt.jar (427ms)[0m
[0m2021.08.14 15:13:15 ERROR downloading https://repo1.maven.org/maven2/org/scala-sbt/tasks_2.12/1.5.0/tasks_2.12-1.5.0.jar ...[0m
[0m2021.08.14 15:13:15 ERROR 	[SUCCESSFUL ] org.scala-sbt#util-position_2.12;1.5.0!util-position_2.12.jar (124ms)[0m
[0m2021.08.14 15:13:15 ERROR 	[SUCCESSFUL ] org.scala-sbt#util-relation_2.12;1.5.0!util-relation_2.12.jar (153ms)[0m
[0m2021.08.14 15:13:15 ERROR downloading https://repo1.maven.org/maven2/org/scala-sbt/util-tracking_2.12/1.5.0/util-tracking_2.12-1.5.0.jar ...[0m
[0m2021.08.14 15:13:15 ERROR downloading https://repo1.maven.org/maven2/org/scala-sbt/testing_2.12/1.5.0/testing_2.12-1.5.0.jar ...[0m
[0m2021.08.14 15:13:15 ERROR 	[SUCCESSFUL ] org.scala-sbt#collections_2.12;1.5.0!collections_2.12.jar (506ms)[0m
[0m2021.08.14 15:13:15 ERROR 	[SUCCESSFUL ] org.scala-sbt#util-logging_2.12;1.5.0!util-logging_2.12.jar (505ms)[0m
[0m2021.08.14 15:13:15 ERROR downloading https://repo1.maven.org/maven2/org/scala-sbt/zinc-classpath_2.12/1.5.0/zinc-classpath_2.12-1.5.0.jar ...[0m
[0m2021.08.14 15:13:15 ERROR downloading https://repo1.maven.org/maven2/org/scala-sbt/zinc-apiinfo_2.12/1.5.0/zinc-apiinfo_2.12-1.5.0.jar ...[0m
[0m2021.08.14 15:13:15 ERROR 	[SUCCESSFUL ] org.scala-sbt#zinc-compile_2.12;1.5.0!zinc-compile_2.12.jar (185ms)[0m
[0m2021.08.14 15:13:15 ERROR downloading https://repo1.maven.org/maven2/org/scala-sbt/zinc_2.12/1.5.0/zinc_2.12-1.5.0.jar ...[0m
[0m2021.08.14 15:13:15 ERROR 	[SUCCESSFUL ] org.scala-sbt#tasks_2.12;1.5.0!tasks_2.12.jar (172ms)[0m
[0m2021.08.14 15:13:15 ERROR downloading https://repo1.maven.org/maven2/org/scala-sbt/util-control_2.12/1.5.0/util-control_2.12-1.5.0.jar ...[0m
[0m2021.08.14 15:13:15 ERROR 	[SUCCESSFUL ] org.scala-sbt#io_2.12;1.5.0!io_2.12.jar (593ms)[0m
[0m2021.08.14 15:13:15 ERROR 	[SUCCESSFUL ] org.scala-sbt#librarymanagement-ivy_2.12;1.5.0!librarymanagement-ivy_2.12.jar (545ms)[0m
[0m2021.08.14 15:13:15 ERROR 	[SUCCESSFUL ] org.scala-sbt#task-system_2.12;1.5.0!task-system_2.12.jar (179ms)[0m
[0m2021.08.14 15:13:15 ERROR downloading https://repo1.maven.org/maven2/org/scala-sbt/core-macros_2.12/1.5.0/core-macros_2.12-1.5.0.jar ...[0m
[0m2021.08.14 15:13:15 ERROR downloading https://repo1.maven.org/maven2/org/scala-sbt/util-interface/1.5.0/util-interface-1.5.0.jar ...[0m
[0m2021.08.14 15:13:15 ERROR 	[SUCCESSFUL ] org.scala-sbt#librarymanagement-core_2.12;1.5.0!librarymanagement-core_2.12.jar (547ms)[0m
[0m2021.08.14 15:13:15 ERROR downloading https://repo1.maven.org/maven2/org/scala-lang/scala-compiler/2.12.13/scala-compiler-2.12.13.jar ...[0m
[0m2021.08.14 15:13:15 ERROR 	[SUCCESSFUL ] org.scala-sbt#main-settings_2.12;1.5.0!main-settings_2.12.jar (604ms)[0m
[0m2021.08.14 15:13:15 ERROR downloading https://repo1.maven.org/maven2/org/scala-sbt/util-cache_2.12/1.5.0/util-cache_2.12-1.5.0.jar ...[0m
[0m2021.08.14 15:13:15 ERROR downloading https://repo1.maven.org/maven2/org/scala-sbt/test-agent/1.5.0/test-agent-1.5.0.jar ...[0m
[0m2021.08.14 15:13:15 ERROR 	[SUCCESSFUL ] org.scala-sbt#command_2.12;1.5.0!command_2.12.jar (637ms)[0m
[0m2021.08.14 15:13:15 ERROR downloading https://repo1.maven.org/maven2/org/scala-sbt/compiler-bridge_2.12/1.5.0/compiler-bridge_2.12-1.5.0.jar ...[0m
[0m2021.08.14 15:13:15 ERROR 	[SUCCESSFUL ] org.scala-sbt#testing_2.12;1.5.0!testing_2.12.jar (189ms)[0m
[0m2021.08.14 15:13:15 ERROR 	[SUCCESSFUL ] org.scala-sbt#completion_2.12;1.5.0!completion_2.12.jar (307ms)[0m
[0m2021.08.14 15:13:15 ERROR downloading https://repo1.maven.org/maven2/org/scala-sbt/zinc-classfile_2.12/1.5.0/zinc-classfile_2.12-1.5.0.jar ...[0m
[0m2021.08.14 15:13:15 ERROR 	[SUCCESSFUL ] org.scala-sbt#zinc-classpath_2.12;1.5.0!zinc-classpath_2.12.jar (187ms)[0m
[0m2021.08.14 15:13:15 ERROR 	[SUCCESSFUL ] org.scala-sbt#util-tracking_2.12;1.5.0!util-tracking_2.12.jar (191ms)[0m
[0m2021.08.14 15:13:15 ERROR downloading https://repo1.maven.org/maven2/org/scala-sbt/zinc-core_2.12/1.5.0/zinc-core_2.12-1.5.0.jar ...[0m
[0m2021.08.14 15:13:15 ERROR downloading https://repo1.maven.org/maven2/org/scala-sbt/zinc-compile-core_2.12/1.5.0/zinc-compile-core_2.12-1.5.0.jar ...[0m
[0m2021.08.14 15:13:15 ERROR downloading https://repo1.maven.org/maven2/org/scala-sbt/zinc-persist_2.12/1.5.0/zinc-persist_2.12-1.5.0.jar ...[0m
[0m2021.08.14 15:13:15 ERROR 	[SUCCESSFUL ] org.scala-sbt#util-interface;1.5.0!util-interface.jar (168ms)[0m
[0m2021.08.14 15:13:15 ERROR 	[SUCCESSFUL ] org.scala-sbt#zinc_2.12;1.5.0!zinc_2.12.jar (234ms)[0m
[0m2021.08.14 15:13:15 ERROR downloading https://repo1.maven.org/maven2/org/scala-sbt/zinc-persist-core-assembly/1.5.0/zinc-persist-core-assembly-1.5.0.jar ...[0m
[0m2021.08.14 15:13:15 ERROR 	[SUCCESSFUL ] org.scala-sbt#util-control_2.12;1.5.0!util-control_2.12.jar (171ms)[0m
[0m2021.08.14 15:13:15 ERROR downloading https://repo1.maven.org/maven2/org/scala-sbt/protocol_2.12/1.5.0/protocol_2.12-1.5.0.jar ...[0m
[0m2021.08.14 15:13:15 ERROR 	[SUCCESSFUL ] org.scala-sbt#core-macros_2.12;1.5.0!core-macros_2.12.jar (206ms)[0m
[0m2021.08.14 15:13:15 ERROR 	[SUCCESSFUL ] org.scala-sbt#compiler-bridge_2.12;1.5.0!compiler-bridge_2.12.jar (194ms)[0m
[0m2021.08.14 15:13:15 ERROR 	[SUCCESSFUL ] org.scala-sbt#util-cache_2.12;1.5.0!util-cache_2.12.jar (231ms)[0m
[0m2021.08.14 15:13:15 ERROR 	[SUCCESSFUL ] org.scala-sbt#zinc-apiinfo_2.12;1.5.0!zinc-apiinfo_2.12.jar (360ms)[0m
[0m2021.08.14 15:13:15 ERROR 	[SUCCESSFUL ] org.scala-sbt#zinc-classfile_2.12;1.5.0!zinc-classfile_2.12.jar (173ms)[0m
[0m2021.08.14 15:13:15 ERROR 	[SUCCESSFUL ] org.scala-sbt#test-agent;1.5.0!test-agent.jar (248ms)[0m
[0m2021.08.14 15:13:15 ERROR 	[SUCCESSFUL ] org.scala-lang#scala-reflect;2.12.13!scala-reflect.jar (519ms)[0m
[0m2021.08.14 15:13:15 ERROR 	[SUCCESSFUL ] org.scala-sbt#zinc-persist_2.12;1.5.0!zinc-persist_2.12.jar (244ms)[0m
[0m2021.08.14 15:13:16 ERROR 	[SUCCESSFUL ] org.scala-sbt#zinc-compile-core_2.12;1.5.0!zinc-compile-core_2.12.jar (333ms)[0m
[0m2021.08.14 15:13:16 ERROR 	[SUCCESSFUL ] org.scala-sbt#zinc-core_2.12;1.5.0!zinc-core_2.12.jar (334ms)[0m
[0m2021.08.14 15:13:16 ERROR 	[SUCCESSFUL ] org.scala-sbt#zinc-persist-core-assembly;1.5.0!zinc-persist-core-assembly.jar (298ms)[0m
[0m2021.08.14 15:13:16 ERROR 	[SUCCESSFUL ] org.scala-sbt#main_2.12;1.5.0!main_2.12.jar (1153ms)[0m
[0m2021.08.14 15:13:16 ERROR 	[SUCCESSFUL ] org.scala-sbt#protocol_2.12;1.5.0!protocol_2.12.jar (410ms)[0m
[0m2021.08.14 15:13:16 ERROR 	[SUCCESSFUL ] org.scala-lang#scala-library;2.12.13!scala-library.jar (1632ms)[0m
[0m2021.08.14 15:13:17 ERROR 	[SUCCESSFUL ] org.scala-lang#scala-compiler;2.12.13!scala-compiler.jar (1580ms)[0m
[0m2021.08.14 15:13:17 ERROR :: retrieving :: org.scala-sbt#boot-app[0m
[0m2021.08.14 15:13:17 ERROR 	confs: [default][0m
[0m2021.08.14 15:13:17 ERROR 	83 artifacts copied, 0 already retrieved[0m
[0m2021.08.14 15:13:17 ERROR [info] [launcher] getting Scala 2.12.13 (for sbt)...[0m
[0m2021.08.14 15:13:17 ERROR :: retrieving :: org.scala-sbt#boot-scala[0m
[0m2021.08.14 15:13:17 ERROR 	confs: [default][0m
[0m2021.08.14 15:13:17 ERROR 	6 artifacts copied, 0 already retrieved[0m
[0m2021.08.14 15:13:18 INFO  [info] welcome to sbt 1.5.0 (AdoptOpenJDK Java 11.0.11)[0m
[0m2021.08.14 15:13:21 INFO  [info] loading settings for project democracy-build-build-build from metals.sbt ...[0m
[0m2021.08.14 15:13:21 INFO  [info] loading project definition from /home/domicio/source/scala/democracy/project/project/project[0m
[0m2021.08.14 15:13:26 INFO  [info] loading settings for project democracy-build-build from metals.sbt ...[0m
[0m2021.08.14 15:13:26 INFO  [info] loading project definition from /home/domicio/source/scala/democracy/project/project[0m
[0m2021.08.14 15:13:30 INFO  [success] Generated .bloop/democracy-build-build.json[0m
[0m2021.08.14 15:13:30 INFO  [success] Total time: 4 s, completed Aug 14, 2021, 3:13:30 PM[0m
[0m2021.08.14 15:13:32 INFO  [info] loading settings for project democracy-build from buildSettings.sbt,metals.sbt,plugins.sbt ...[0m
[0m2021.08.14 15:13:32 INFO  [info] loading project definition from /home/domicio/source/scala/democracy/project[0m
[0m2021.08.14 15:13:33 INFO  [success] Generated .bloop/democracy-build.json[0m
[0m2021.08.14 15:13:33 INFO  [info] compiling 2 Scala sources to /home/domicio/source/scala/democracy/project/target/scala-2.12/sbt-1.0/classes ...[0m
[0m2021.08.14 15:13:33 INFO  [info] Non-compiled module 'compiler-bridge_2.12' for Scala 2.12.13. Compiling...[0m
[0m2021.08.14 15:13:43 INFO  [info]   Compilation completed in 9.89s.[0m
[0m2021.08.14 15:13:46 INFO  [info] done compiling[0m
[0m2021.08.14 15:13:46 INFO  [success] Total time: 14 s, completed Aug 14, 2021, 3:13:46 PM[0m
[0m2021.08.14 15:13:48 INFO  [info] loading settings for project democracy from assignment.sbt,build.sbt ...[0m
[0m2021.08.14 15:13:48 INFO  [info] set current project to effective-scala-democracy (in build file:/home/domicio/source/scala/democracy/)[0m
[0m2021.08.14 15:13:48 INFO  [warn] there's a key that's not used by any other settings/tasks:[0m
[0m2021.08.14 15:13:48 INFO  [warn]  [0m
[0m2021.08.14 15:13:48 INFO  [warn] * democracy / assignmentVersion[0m
[0m2021.08.14 15:13:48 INFO  [warn]   +- /home/domicio/source/scala/democracy/assignment.sbt:4[0m
[0m2021.08.14 15:13:48 INFO  [warn]  [0m
[0m2021.08.14 15:13:48 INFO  [warn] note: a setting might still be used by a command; to exclude a key from this `lintUnused` check[0m
[0m2021.08.14 15:13:48 INFO  [warn] either append it to `Global / excludeLintKeys` or call .withRank(KeyRanks.Invisible) on the key[0m
[0m2021.08.14 15:13:49 INFO  [success] Generated .bloop/democracy-test.json[0m
[0m2021.08.14 15:13:49 INFO  [success] Generated .bloop/democracy.json[0m
[0m2021.08.14 15:13:49 INFO  [success] Total time: 1 s, completed Aug 14, 2021, 3:13:49 PM[0m
[0m2021.08.14 15:13:49 INFO  sbt bloopInstall exit: 0[0m
[0m2021.08.14 15:13:49 INFO  time: ran 'sbt bloopInstall' in 45s[0m
[0m2021.08.14 15:13:49 INFO  Attempting to connect to the build server...[0m
Starting the bsp launcher for bloop...
Opening a bsp server connection with 'bsp --protocol local --socket /tmp/bsp-launcher10155389760702681552/bsp.socket'...
Waiting for the bsp connection to come up...
[0m[32m[D][0m Loading 2 projects from '/home/domicio/source/scala/democracy/.bloop'...
[0m[32m[D][0m Loading project from '/home/domicio/source/scala/democracy/.bloop/democracy.json'
[0m[32m[D][0m Loading project from '/home/domicio/source/scala/democracy/.bloop/democracy-test.json'
[0m[32m[D][0m Missing analysis file for project 'democracy-test'
[0m[32m[D][0m Missing analysis file for project 'democracy'
[0m[32m[D][0m Waiting for a connection at local:///tmp/bsp-launcher10155389760702681552/bsp.socket...
The server is listening for incoming connections at local:///tmp/bsp-launcher10155389760702681552/bsp.socket...
Starting thread that pumps stdin and redirects it to the bsp server...
Starting thread that pumps server stdout and redirects it to the client stdout...
[0m2021.08.14 15:13:50 INFO  tracing is disabled for protocol BSP, to enable tracing of incoming and outgoing JSON messages create an empty file at /home/domicio/.cache/metals/bsp.trace.json[0m
[0m2021.08.14 15:13:50 INFO  Attempting to connect to the build server...[0m
Starting the bsp launcher for bloop...
[0m2021.08.14 15:13:50 INFO  Attempting to connect to the build server...[0m
Opening a bsp server connection with 'bsp --protocol local --socket /tmp/bsp-launcher13424381263419013993/bsp.socket'...
Waiting for the bsp connection to come up...
Starting the bsp launcher for bloop...
Opening a bsp server connection with 'bsp --protocol local --socket /tmp/bsp-launcher8391633805268679650/bsp.socket'...
Waiting for the bsp connection to come up...
[0m[32m[D][0m Loading workspace settings from bloop.settings.json
[0m[32m[D][0m Waiting for a connection at local:///tmp/bsp-launcher13424381263419013993/bsp.socket...
The server is listening for incoming connections at local:///tmp/bsp-launcher13424381263419013993/bsp.socket...
[0m[32m[D][0m Loading workspace settings from bloop.settings.json
[0m[32m[D][0m Waiting for a connection at local:///tmp/bsp-launcher8391633805268679650/bsp.socket...
The server is listening for incoming connections at local:///tmp/bsp-launcher8391633805268679650/bsp.socket...
Starting thread that pumps stdin and redirects it to the bsp server...
Starting thread that pumps server stdout and redirects it to the client stdout...
Starting thread that pumps stdin and redirects it to the bsp server...
Starting thread that pumps server stdout and redirects it to the client stdout...
[0m2021.08.14 15:13:50 INFO  tracing is disabled for protocol BSP, to enable tracing of incoming and outgoing JSON messages create an empty file at /home/domicio/.cache/metals/bsp.trace.json[0m
[0m2021.08.14 15:13:50 INFO  tracing is disabled for protocol BSP, to enable tracing of incoming and outgoing JSON messages create an empty file at /home/domicio/.cache/metals/bsp.trace.json[0m
[0m2021.08.14 15:13:53 INFO  time: Connected to build server in 3.29s[0m
[0m2021.08.14 15:13:53 INFO  Connected to Build server: Bloop v1.4.8-19-4d9f966b[0m
[0m2021.08.14 15:13:57 INFO  time: indexed workspace in 4.23s[0m
[0m2021.08.14 15:16:32 INFO  compiling democracy (1 scala source)[0m
[0m2021.08.14 15:16:33 INFO  time: compiled democracy in 1.07s[0m
[0m2021.08.14 15:52:25 INFO  compiling democracy (1 scala source)[0m
[0m2021.08.14 15:52:25 INFO  time: compiled democracy in 0.3s[0m
[0m2021.08.14 15:52:37 INFO  compiling democracy (1 scala source)[0m
[0m2021.08.14 15:52:37 INFO  time: compiled democracy in 73ms[0m
[0m2021.08.14 15:52:40 INFO  compiling democracy (1 scala source)[0m
[0m2021.08.14 15:52:40 INFO  time: compiled democracy in 0.25s[0m
[0m2021.08.14 15:55:55 INFO  compiling democracy (1 scala source)[0m
[0m2021.08.14 15:55:55 INFO  time: compiled democracy in 0.24s[0m
[0m2021.08.14 15:56:48 INFO  compiling democracy (1 scala source)[0m
[0m2021.08.14 15:56:48 INFO  time: compiled democracy in 80ms[0m
[0m2021.08.14 15:56:53 INFO  compiling democracy (1 scala source)[0m
[0m2021.08.14 15:56:53 INFO  time: compiled democracy in 0.1s[0m
[0m2021.08.14 15:57:00 INFO  compiling democracy (1 scala source)[0m
[0m2021.08.14 15:57:00 INFO  time: compiled democracy in 0.24s[0m
[0m2021.08.14 15:57:18 INFO  compiling democracy (1 scala source)[0m
[0m2021.08.14 15:57:18 INFO  time: compiled democracy in 0.23s[0m
[0m2021.08.14 15:57:31 INFO  compiling democracy-test (1 scala source)[0m
[0m2021.08.14 15:57:31 INFO  time: compiled democracy-test in 0.51s[0m
Aug 14, 2021 3:58:02 PM org.eclipse.lsp4j.jsonrpc.RemoteEndpoint handleCancellation
WARNING: Unmatched cancel notification for request id 499
[0m2021.08.14 15:58:07 INFO  compiling democracy (1 scala source)[0m
[0m2021.08.14 15:58:07 INFO  time: compiled democracy in 0.19s[0m
[0m2021.08.14 15:58:18 INFO  compiling democracy (1 scala source)[0m
[0m2021.08.14 15:58:18 INFO  time: compiled democracy in 0.22s[0m
[0m2021.08.14 16:03:12 INFO  compiling democracy (1 scala source)[0m
[0m2021.08.14 16:03:12 INFO  time: compiled democracy in 0.22s[0m
[0m2021.08.14 16:05:34 INFO  compiling democracy (1 scala source)[0m
[0m2021.08.14 16:05:34 INFO  time: compiled democracy in 0.37s[0m
[0m2021.08.14 16:09:19 INFO  compiling democracy (1 scala source)[0m
[0m2021.08.14 16:09:19 INFO  time: compiled democracy in 0.4s[0m
[0m2021.08.14 16:35:27 INFO  compiling democracy (1 scala source)[0m
[0m2021.08.14 16:35:27 INFO  time: compiled democracy in 0.38s[0m
[0m2021.08.14 16:41:20 INFO  compiling democracy (1 scala source)[0m
[0m2021.08.14 16:41:20 INFO  time: compiled democracy in 0.39s[0m
Aug 14, 2021 5:03:09 PM org.eclipse.lsp4j.jsonrpc.RemoteEndpoint handleCancellation
WARNING: Unmatched cancel notification for request id 1108
[0m2021.08.14 19:55:47 INFO  compiling democracy (1 scala source)[0m
[0m2021.08.14 19:55:47 INFO  time: compiled democracy in 97ms[0m
[0m2021.08.14 20:05:21 INFO  compiling democracy (1 scala source)[0m
[0m2021.08.14 20:05:21 INFO  time: compiled democracy in 92ms[0m
[0m2021.08.14 20:06:07 INFO  compiling democracy (1 scala source)[0m
[0m2021.08.14 20:06:07 INFO  time: compiled democracy in 0.32s[0m
[0m2021.08.14 20:06:39 INFO  compiling democracy (1 scala source)[0m
[0m2021.08.14 20:06:39 INFO  time: compiled democracy in 0.27s[0m
[0m2021.08.14 20:06:41 INFO  compiling democracy (1 scala source)[0m
[0m2021.08.14 20:06:41 INFO  time: compiled democracy in 0.23s[0m
[0m2021.08.14 20:06:43 INFO  compiling democracy (1 scala source)[0m
[0m2021.08.14 20:06:43 INFO  time: compiled democracy in 0.24s[0m
[0m2021.08.14 20:06:58 INFO  compiling democracy (1 scala source)[0m
[0m2021.08.14 20:06:58 INFO  time: compiled democracy in 90ms[0m
[0m2021.08.14 20:08:40 INFO  compiling democracy (1 scala source)[0m
[0m2021.08.14 20:08:40 INFO  time: compiled democracy in 0.22s[0m
[0m2021.08.14 20:11:10 INFO  compiling democracy (1 scala source)[0m
[0m2021.08.14 20:11:10 INFO  time: compiled democracy in 79ms[0m
Aug 14, 2021 8:11:17 PM org.eclipse.lsp4j.jsonrpc.RemoteEndpoint handleCancellation
WARNING: Unmatched cancel notification for request id 1902
[0m2021.08.14 20:11:19 INFO  compiling democracy (1 scala source)[0m
[0m2021.08.14 20:11:19 INFO  time: compiled democracy in 0.28s[0m
[0m2021.08.14 20:11:36 INFO  compiling democracy (1 scala source)[0m
[0m2021.08.14 20:11:36 INFO  time: compiled democracy in 0.24s[0m
[0m2021.08.14 20:11:48 INFO  compiling democracy (1 scala source)[0m
[0m2021.08.14 20:11:48 INFO  time: compiled democracy in 0.19s[0m
[0m2021.08.14 20:11:58 INFO  compiling democracy (1 scala source)[0m
[0m2021.08.14 20:11:58 INFO  time: compiled democracy in 0.21s[0m
[0m2021.08.14 20:12:44 INFO  compiling democracy (1 scala source)[0m
[0m2021.08.14 20:12:44 INFO  time: compiled democracy in 0.28s[0m
[0m2021.08.14 20:12:58 INFO  compiling democracy (1 scala source)[0m
[0m2021.08.14 20:12:58 INFO  time: compiled democracy in 0.19s[0m
[0m2021.08.14 20:18:20 INFO  compiling democracy (1 scala source)[0m
[0m2021.08.14 20:18:20 INFO  time: compiled democracy in 0.39s[0m
[0m2021.08.14 20:19:00 INFO  compiling democracy (1 scala source)[0m
[0m2021.08.14 20:19:00 INFO  time: compiled democracy in 0.29s[0m
[0m2021.08.14 20:19:13 INFO  compiling democracy (1 scala source)[0m
[0m2021.08.14 20:19:13 INFO  time: compiled democracy in 0.29s[0m
[0m2021.08.14 20:20:25 INFO  compiling democracy (1 scala source)[0m
[0m2021.08.14 20:20:25 INFO  time: compiled democracy in 0.62s[0m
[0m2021.08.14 20:21:48 INFO  compiling democracy (1 scala source)[0m
[0m2021.08.14 20:21:48 INFO  time: compiled democracy in 96ms[0m
[0m2021.08.14 20:22:12 INFO  compiling democracy (1 scala source)[0m
[0m2021.08.14 20:22:12 INFO  time: compiled democracy in 0.29s[0m
[0m2021.08.14 20:23:11 INFO  compiling democracy (1 scala source)[0m
[0m2021.08.14 20:23:11 INFO  time: compiled democracy in 0.38s[0m
[0m2021.08.14 20:23:28 INFO  compiling democracy (1 scala source)[0m
[0m2021.08.14 20:23:28 INFO  time: compiled democracy in 0.38s[0m
[0m2021.08.14 20:23:36 INFO  compiling democracy (1 scala source)[0m
[0m2021.08.14 20:23:36 INFO  time: compiled democracy in 0.38s[0m
[0m2021.08.14 20:24:47 INFO  compiling democracy (1 scala source)[0m
[0m2021.08.14 20:24:47 INFO  time: compiled democracy in 0.29s[0m
[0m2021.08.14 20:24:52 INFO  compiling democracy (1 scala source)[0m
[0m2021.08.14 20:24:52 INFO  time: compiled democracy in 0.29s[0m
[0m2021.08.14 20:25:11 INFO  compiling democracy (1 scala source)[0m
[0m2021.08.14 20:25:11 INFO  time: compiled democracy in 0.28s[0m
Exception in thread "pool-4-thread-1" java.lang.StringIndexOutOfBoundsException: begin 5979, end 5840, length 6056
	at java.base/java.lang.String.checkBoundsBeginEnd(String.java:3319)
	at java.base/java.lang.String.substring(String.java:1874)
	at scala.meta.internal.pc.CompletionPos$.infer(CompletionPos.scala:46)
	at scala.meta.internal.pc.ScalaPresentationCompiler.complete$$anonfun$1(ScalaPresentationCompiler.scala:148)
	at scala.meta.internal.pc.CompilerAccess.withSharedCompiler(CompilerAccess.scala:137)
	at scala.meta.internal.pc.CompilerAccess.$anonfun$1(CompilerAccess.scala:87)
	at scala.meta.internal.pc.CompilerAccess.onCompilerJobQueue$$anonfun$1(CompilerAccess.scala:197)
	at scala.meta.internal.pc.CompilerJobQueue$Job.run(CompilerJobQueue.scala:139)
	at java.base/java.util.concurrent.ThreadPoolExecutor.runWorker(ThreadPoolExecutor.java:1128)
	at java.base/java.util.concurrent.ThreadPoolExecutor$Worker.run(ThreadPoolExecutor.java:628)
	at java.base/java.lang.Thread.run(Thread.java:829)
Exception in thread "pool-4-thread-2" java.lang.StringIndexOutOfBoundsException: begin 5979, end 5840, length 6056
	at java.base/java.lang.String.checkBoundsBeginEnd(String.java:3319)
	at java.base/java.lang.String.substring(String.java:1874)
	at scala.meta.internal.pc.CompletionPos$.infer(CompletionPos.scala:46)
	at scala.meta.internal.pc.ScalaPresentationCompiler.complete$$anonfun$1(ScalaPresentationCompiler.scala:148)
	at scala.meta.internal.pc.CompilerAccess.withSharedCompiler(CompilerAccess.scala:137)
	at scala.meta.internal.pc.CompilerAccess.$anonfun$1(CompilerAccess.scala:87)
	at scala.meta.internal.pc.CompilerAccess.onCompilerJobQueue$$anonfun$1(CompilerAccess.scala:197)
	at scala.meta.internal.pc.CompilerJobQueue$Job.run(CompilerJobQueue.scala:139)
	at java.base/java.util.concurrent.ThreadPoolExecutor.runWorker(ThreadPoolExecutor.java:1128)
	at java.base/java.util.concurrent.ThreadPoolExecutor$Worker.run(ThreadPoolExecutor.java:628)
	at java.base/java.lang.Thread.run(Thread.java:829)
Exception in thread "pool-4-thread-3" java.lang.StringIndexOutOfBoundsException: begin 5979, end 5840, length 6056
	at java.base/java.lang.String.checkBoundsBeginEnd(String.java:3319)
	at java.base/java.lang.String.substring(String.java:1874)
	at scala.meta.internal.pc.CompletionPos$.infer(CompletionPos.scala:46)
	at scala.meta.internal.pc.ScalaPresentationCompiler.complete$$anonfun$1(ScalaPresentationCompiler.scala:148)
	at scala.meta.internal.pc.CompilerAccess.withSharedCompiler(CompilerAccess.scala:137)
	at scala.meta.internal.pc.CompilerAccess.$anonfun$1(CompilerAccess.scala:87)
	at scala.meta.internal.pc.CompilerAccess.onCompilerJobQueue$$anonfun$1(CompilerAccess.scala:197)
	at scala.meta.internal.pc.CompilerJobQueue$Job.run(CompilerJobQueue.scala:139)
	at java.base/java.util.concurrent.ThreadPoolExecutor.runWorker(ThreadPoolExecutor.java:1128)
	at java.base/java.util.concurrent.ThreadPoolExecutor$Worker.run(ThreadPoolExecutor.java:628)
	at java.base/java.lang.Thread.run(Thread.java:829)
[0m2021.08.14 20:26:12 INFO  compiling democracy (1 scala source)[0m
[0m2021.08.14 20:26:12 INFO  time: compiled democracy in 0.29s[0m
[0m2021.08.14 20:26:40 INFO  compiling democracy (1 scala source)[0m
[0m2021.08.14 20:26:40 INFO  time: compiled democracy in 0.27s[0m
[0m2021.08.14 20:26:50 INFO  compiling democracy (1 scala source)[0m
[0m2021.08.14 20:26:50 INFO  time: compiled democracy in 0.3s[0m
[0m2021.08.14 20:27:38 INFO  compiling democracy (1 scala source)[0m
[0m2021.08.14 20:27:38 INFO  time: compiled democracy in 0.22s[0m
[0m2021.08.14 20:28:46 INFO  compiling democracy (1 scala source)[0m
[0m2021.08.14 20:28:46 INFO  time: compiled democracy in 0.31s[0m
[0m2021.08.14 20:45:00 INFO  compiling democracy (1 scala source)[0m
[0m2021.08.14 20:45:00 INFO  time: compiled democracy in 0.31s[0m
